[debug] [2021-04-11T15:02:01.011Z] ----------------------------------------------------------------------
[debug] [2021-04-11T15:02:01.013Z] Command:       D:\Programs\NodeJS\node.exe C:\Users\acst\AppData\Roaming\npm\node_modules\firebase-tools\lib\bin\firebase.js init
[debug] [2021-04-11T15:02:01.014Z] CLI Version:   9.9.0
[debug] [2021-04-11T15:02:01.014Z] Platform:      win32
[debug] [2021-04-11T15:02:01.014Z] Node Version:  v14.15.3
[debug] [2021-04-11T15:02:01.015Z] Time:          Sun Apr 11 2021 16:02:01 GMT+0100 (British Summer Time)
[debug] [2021-04-11T15:02:01.015Z] ----------------------------------------------------------------------
[debug] 
[debug] [2021-04-11T15:02:01.079Z] > command requires scopes: ["email","openid","https://www.googleapis.com/auth/cloudplatformprojects.readonly","https://www.googleapis.com/auth/firebase","https://www.googleapis.com/auth/cloud-platform"]
[debug] [2021-04-11T15:02:01.080Z] > authorizing via signed-in user (sharfasorwar@gmail.com)
[info] 
     ######## #### ########  ######## ########     ###     ######  ########
     ##        ##  ##     ## ##       ##     ##  ##   ##  ##       ##
     ######    ##  ########  ######   ########  #########  ######  ######
     ##        ##  ##    ##  ##       ##     ## ##     ##       ## ##
     ##       #### ##     ## ######## ########  ##     ##  ######  ########

You're about to initialize a Firebase project in this directory:

  D:\Coding\react-apps\snapchat-clone

Before we get started, keep in mind:

  * You are initializing in an existing Firebase project directory

